{"sessionId":"5d9b73","hypothesisId":"H1","location":"target.lua:send_pray_require_or_manual","message":"entry","data":{"gift":"divineword","first":"","hasSecond":false},"timestamp":1778174714000}
{"sessionId":"5d9b73","hypothesisId":"H2","location":"target.lua:send_pray_require_or_manual","message":"resolved","data":{"target":"dartfeather"},"timestamp":1778174714000}
{"sessionId":"5d9b73","hypothesisId":"H1","location":"target.lua:send_pray_require_or_manual","message":"entry","data":{"gift":"divineword","first":"scavenger","hasSecond":false},"timestamp":1778174719000}
{"sessionId":"5d9b73","hypothesisId":"H2","location":"target.lua:send_pray_require_or_manual","message":"resolved","data":{"target":"scavenger"},"timestamp":1778174719000}
{"sessionId":"5d9b73","hypothesisId":"H1","location":"target.lua:send_pray_require_or_manual","message":"entry","data":{"gift":"divineword","first":"scavenger","hasSecond":true},"timestamp":1778174737000}
{"sessionId":"5d9b73","hypothesisId":"H2","location":"target.lua:send_pray_require_or_manual","message":"resolved","data":{"target":"scavenger"},"timestamp":1778174737000}
{"sessionId":"5d9b73","hypothesisId":"H1","location":"target.lua:send_pray_require_or_manual","message":"entry","data":{"gift":"hymnoftheinferno","first":"scavenger","hasSecond":true},"timestamp":1778174744000}
{"sessionId":"5d9b73","hypothesisId":"H2","location":"target.lua:send_pray_require_or_manual","message":"resolved","data":{"target":"scavenger"},"timestamp":1778174744000}
{"sessionId":"5d9b73","hypothesisId":"H1","location":"target.lua:send_pray_require_or_manual","message":"entry","data":{"gift":"hymnoftheinferno","first":"scavenger","hasSecond":true},"timestamp":1778174747000}
{"sessionId":"5d9b73","hypothesisId":"H2","location":"target.lua:send_pray_require_or_manual","message":"resolved","data":{"target":"scavenger"},"timestamp":1778174747000}
{"sessionId":"5d9b73","hypothesisId":"H1","location":"target.lua:send_pray_require_or_manual","message":"entry","data":{"gift":"blackout","first":"max","hasSecond":false},"timestamp":1778174753000}
{"sessionId":"5d9b73","hypothesisId":"H2","location":"target.lua:send_pray_require_or_manual","message":"resolved","data":{"target":"dartfeather"},"timestamp":1778174753000}
{"sessionId":"5d9b73","hypothesisId":"H1","location":"target.lua:send_pray_require_or_manual","message":"entry","data":{"gift":"divineword","first":"scavenger","hasSecond":true},"timestamp":1778174973000}
{"sessionId":"5d9b73","hypothesisId":"H2","location":"target.lua:send_pray_require_or_manual","message":"resolved","data":{"target":"scavenger"},"timestamp":1778174973000}
{"sessionId":"5d9b73","hypothesisId":"H1","location":"target.lua:send_pray_require_or_manual","message":"entry","data":{"gift":"blackout","first":"","hasSecond":false},"timestamp":1778175043000}
{"sessionId":"5d9b73","hypothesisId":"H2","location":"target.lua:send_pray_require_or_manual","message":"resolved","data":{"target":"dartfeather"},"timestamp":1778175043000}
{"sessionId":"5d9b73","hypothesisId":"H1","location":"target.lua:send_pray_require_or_manual","message":"entry","data":{"gift":"divineword","first":"","hasSecond":false},"timestamp":1778175060000}
{"sessionId":"5d9b73","hypothesisId":"H2","location":"target.lua:send_pray_require_or_manual","message":"resolved","data":{"target":"dartfeather"},"timestamp":1778175060000}
{"sessionId":"5d9b73","hypothesisId":"H1","location":"target.lua:send_pray_require_or_manual","message":"entry","data":{"gift":"divineword","first":"","hasSecond":false},"timestamp":1778175065000}
{"sessionId":"5d9b73","hypothesisId":"H2","location":"target.lua:send_pray_require_or_manual","message":"resolved","data":{"target":"dartfeather"},"timestamp":1778175065000}
{"sessionId":"5d9b73","hypothesisId":"H1","location":"target.lua:send_pray_require_or_manual","message":"entry","data":{"gift":"blackout","first":"","hasSecond":false},"timestamp":1778175089000}
{"sessionId":"5d9b73","hypothesisId":"H2","location":"target.lua:send_pray_require_or_manual","message":"resolved","data":{"target":"scavenger"},"timestamp":1778175089000}
{"sessionId":"5d9b73","hypothesisId":"H1","location":"target.lua:send_pray_require_or_manual","message":"entry","data":{"gift":"blackout","first":"","hasSecond":false},"timestamp":1778175194000}
{"sessionId":"5d9b73","hypothesisId":"H2","location":"target.lua:send_pray_require_or_manual","message":"resolved","data":{"target":"scavenger"},"timestamp":1778175194000}
{"sessionId":"5d9b73","hypothesisId":"H1","location":"target.lua:send_pray_require_or_manual","message":"entry","data":{"gift":"hymnoftheinferno","first":"","hasSecond":false},"timestamp":1778177472000}
{"sessionId":"5d9b73","hypothesisId":"H2","location":"target.lua:send_pray_require_or_manual","message":"resolved","data":{"target":"creeper"},"timestamp":1778177472000}
{"sessionId":"5d9b73","hypothesisId":"H1","location":"target.lua:send_pray_require_or_manual","message":"entry","data":{"gift":"blackout","first":"","hasSecond":false},"timestamp":1778177476000}
{"sessionId":"5d9b73","hypothesisId":"H2","location":"target.lua:send_pray_require_or_manual","message":"resolved","data":{"target":"creeper"},"timestamp":1778177476000}
{"sessionId":"5d9b73","hypothesisId":"H1","location":"target.lua:send_pray_require_or_manual","message":"entry","data":{"gift":"blackout","first":"","hasSecond":false},"timestamp":1778177484000}
{"sessionId":"5d9b73","hypothesisId":"H2","location":"target.lua:send_pray_require_or_manual","message":"resolved","data":{"target":"creeper"},"timestamp":1778177484000}
{"sessionId":"5d9b73","hypothesisId":"H1","location":"target.lua:send_pray_require_or_manual","message":"entry","data":{"gift":"blackout","first":"","hasSecond":false},"timestamp":1778177491000}
{"sessionId":"5d9b73","hypothesisId":"H2","location":"target.lua:send_pray_require_or_manual","message":"resolved","data":{"target":"creeper"},"timestamp":1778177491000}
{"sessionId":"5d9b73","hypothesisId":"H1","location":"target.lua:send_pray_require_or_manual","message":"entry","data":{"gift":"blackout","first":"","hasSecond":false},"timestamp":1778178021000}
{"sessionId":"5d9b73","hypothesisId":"H2","location":"target.lua:send_pray_require_or_manual","message":"resolved","data":{"target":"dartfeather"},"timestamp":1778178021000}
{"sessionId":"5d9b73","hypothesisId":"H1","location":"target.lua:send_pray_require_or_manual","message":"entry","data":{"gift":"hymnoftheinferno","first":"","hasSecond":false},"timestamp":1778178034000}
{"sessionId":"5d9b73","hypothesisId":"H2","location":"target.lua:send_pray_require_or_manual","message":"resolved","data":{"target":"dartfeather"},"timestamp":1778178034000}
{"sessionId":"5d9b73","hypothesisId":"H1","location":"target.lua:send_pray_require_or_manual","message":"entry","data":{"gift":"divineword","first":"","hasSecond":false},"timestamp":1778178038000}
{"sessionId":"5d9b73","hypothesisId":"H2","location":"target.lua:send_pray_require_or_manual","message":"resolved","data":{"target":"dartfeather"},"timestamp":1778178038000}
{"sessionId":"5d9b73","hypothesisId":"H1","location":"target.lua:send_pray_require_or_manual","message":"entry","data":{"gift":"blackout","first":"","hasSecond":false},"timestamp":1778178040000}
{"sessionId":"5d9b73","hypothesisId":"H2","location":"target.lua:send_pray_require_or_manual","message":"resolved","data":{"target":"dartfeather"},"timestamp":1778178040000}
{"sessionId":"5d9b73","hypothesisId":"H1","location":"target.lua:send_pray_require_or_manual","message":"entry","data":{"gift":"blackout","first":"scavenger","hasSecond":true},"timestamp":1778178047000}
{"sessionId":"5d9b73","hypothesisId":"H2","location":"target.lua:send_pray_require_or_manual","message":"resolved","data":{"target":"scavenger"},"timestamp":1778178047000}
{"sessionId":"5d9b73","hypothesisId":"H1","location":"target.lua:send_pray_require_or_manual","message":"entry","data":{"gift":"hymnoftheinferno","first":"","hasSecond":false},"timestamp":1778178060000}
{"sessionId":"5d9b73","hypothesisId":"H2","location":"target.lua:send_pray_require_or_manual","message":"resolved","data":{"target":"dartfeather"},"timestamp":1778178060000}
{"sessionId":"5d9b73","hypothesisId":"H1","location":"target.lua:send_pray_require_or_manual","message":"entry","data":{"gift":"blackout","first":"","hasSecond":false},"timestamp":1778178062000}
{"sessionId":"5d9b73","hypothesisId":"H2","location":"target.lua:send_pray_require_or_manual","message":"resolved","data":{"target":"dartfeather"},"timestamp":1778178062000}
{"sessionId":"5d9b73","hypothesisId":"H1","location":"target.lua:send_pray_require_or_manual","message":"entry","data":{"gift":"divineword","first":"","hasSecond":false},"timestamp":1778178065000}
{"sessionId":"5d9b73","hypothesisId":"H2","location":"target.lua:send_pray_require_or_manual","message":"resolved","data":{"target":"dartfeather"},"timestamp":1778178065000}
{"sessionId":"5d9b73","hypothesisId":"H1","location":"target.lua:send_pray_require_or_manual","message":"entry","data":{"gift":"blackout","first":"","hasSecond":false},"timestamp":1778178106000}
{"sessionId":"5d9b73","hypothesisId":"H2","location":"target.lua:send_pray_require_or_manual","message":"resolved","data":{"target":"scavenger"},"timestamp":1778178106000}
{"sessionId":"5d9b73","hypothesisId":"H1","location":"target.lua:send_pray_require_or_manual","message":"entry","data":{"gift":"hymnoftheinferno","first":"dartfeather","hasSecond":true},"timestamp":1778178110000}
{"sessionId":"5d9b73","hypothesisId":"H2","location":"target.lua:send_pray_require_or_manual","message":"resolved","data":{"target":"dartfeather"},"timestamp":1778178110000}
{"sessionId":"5d9b73","hypothesisId":"H1","location":"target.lua:send_pray_require_or_manual","message":"entry","data":{"gift":"divineword","first":"","hasSecond":false},"timestamp":1778178122000}
{"sessionId":"5d9b73","hypothesisId":"H2","location":"target.lua:send_pray_require_or_manual","message":"resolved","data":{"target":"scavenger"},"timestamp":1778178122000}
{"sessionId":"5d9b73","hypothesisId":"H1","location":"target.lua:send_pray_require_or_manual","message":"entry","data":{"gift":"divineword","first":"dartfeather","hasSecond":true},"timestamp":1778178129000}
{"sessionId":"5d9b73","hypothesisId":"H2","location":"target.lua:send_pray_require_or_manual","message":"resolved","data":{"target":"dartfeather"},"timestamp":1778178129000}
{"sessionId":"5d9b73","hypothesisId":"H1","location":"target.lua:send_pray_require_or_manual","message":"entry","data":{"gift":"blackout","first":"","hasSecond":false},"timestamp":1778178230000}
{"sessionId":"5d9b73","hypothesisId":"H2","location":"target.lua:send_pray_require_or_manual","message":"resolved","data":{"target":"scavenger"},"timestamp":1778178230000}
{"sessionId":"5d9b73","hypothesisId":"H1","location":"target.lua:send_pray_require_or_manual","message":"entry","data":{"gift":"hymnoftheinferno","first":"","hasSecond":false},"timestamp":1778178232000}
{"sessionId":"5d9b73","hypothesisId":"H2","location":"target.lua:send_pray_require_or_manual","message":"resolved","data":{"target":"scavenger"},"timestamp":1778178232000}
{"sessionId":"5d9b73","hypothesisId":"H1","location":"target.lua:send_pray_require_or_manual","message":"entry","data":{"gift":"divineword","first":"","hasSecond":false},"timestamp":1778178321000}
{"sessionId":"5d9b73","hypothesisId":"H2","location":"target.lua:send_pray_require_or_manual","message":"resolved","data":{"target":"scavenger"},"timestamp":1778178321000}
{"sessionId":"5d9b73","hypothesisId":"H1","location":"target.lua:send_pray_require_or_manual","message":"entry","data":{"gift":"divineword","first":"","hasSecond":false},"timestamp":1778178363000}
{"sessionId":"5d9b73","hypothesisId":"H2","location":"target.lua:send_pray_require_or_manual","message":"resolved","data":{"target":"scavenger"},"timestamp":1778178363000}
{"sessionId":"5d9b73","hypothesisId":"H1","location":"target.lua:send_pray_require_or_manual","message":"entry","data":{"gift":"blackout","first":"","hasSecond":false},"timestamp":1778178366000}
{"sessionId":"5d9b73","hypothesisId":"H2","location":"target.lua:send_pray_require_or_manual","message":"resolved","data":{"target":"scavenger"},"timestamp":1778178366000}
{"sessionId":"5d9b73","hypothesisId":"H1","location":"target.lua:send_pray_require_or_manual","message":"entry","data":{"gift":"blackout","first":"","hasSecond":false},"timestamp":1778178429000}
{"sessionId":"5d9b73","hypothesisId":"H2","location":"target.lua:send_pray_require_or_manual","message":"resolved","data":{"target":"dartfeather"},"timestamp":1778178429000}
{"sessionId":"5d9b73","hypothesisId":"H1","location":"target.lua:send_pray_require_or_manual","message":"entry","data":{"gift":"blackout","first":"dartfeather","hasSecond":true},"timestamp":1778178522000}
{"sessionId":"5d9b73","hypothesisId":"H2","location":"target.lua:send_pray_require_or_manual","message":"resolved","data":{"target":"dartfeather"},"timestamp":1778178522000}
{"sessionId":"5d9b73","hypothesisId":"H1","location":"target.lua:send_pray_require_or_manual","message":"entry","data":{"gift":"hymnoftheinferno","first":"","hasSecond":false},"timestamp":1778178569000}
{"sessionId":"5d9b73","hypothesisId":"H2","location":"target.lua:send_pray_require_or_manual","message":"resolved","data":{"target":"darfeather"},"timestamp":1778178569000}
{"sessionId":"5d9b73","hypothesisId":"H1","location":"target.lua:send_pray_require_or_manual","message":"entry","data":{"gift":"hymnoftheinferno","first":"","hasSecond":false},"timestamp":1778178571000}
{"sessionId":"5d9b73","hypothesisId":"H2","location":"target.lua:send_pray_require_or_manual","message":"resolved","data":{"target":"dartfeather"},"timestamp":1778178571000}
{"sessionId":"5d9b73","hypothesisId":"H1","location":"target.lua:send_pray_require_or_manual","message":"entry","data":{"gift":"blackout","first":"","hasSecond":false},"timestamp":1778178573000}
{"sessionId":"5d9b73","hypothesisId":"H2","location":"target.lua:send_pray_require_or_manual","message":"resolved","data":{"target":"dartfeather"},"timestamp":1778178573000}
{"sessionId":"5d9b73","hypothesisId":"H1","location":"target.lua:send_pray_require_or_manual","message":"entry","data":{"gift":"divineword","first":"","hasSecond":false},"timestamp":1778178578000}
{"sessionId":"5d9b73","hypothesisId":"H2","location":"target.lua:send_pray_require_or_manual","message":"resolved","data":{"target":"dartfeather"},"timestamp":1778178578000}
{"sessionId":"5d9b73","hypothesisId":"H1","location":"target.lua:send_pray_require_or_manual","message":"entry","data":{"gift":"blackout","first":"dartfeather","hasSecond":true},"timestamp":1778178648000}
{"sessionId":"5d9b73","hypothesisId":"H2","location":"target.lua:send_pray_require_or_manual","message":"resolved","data":{"target":"dartfeather"},"timestamp":1778178648000}
{"sessionId":"5d9b73","hypothesisId":"H1","location":"target.lua:send_pray_require_or_manual","message":"entry","data":{"gift":"divineword","first":"","hasSecond":false},"timestamp":1778178654000}
{"sessionId":"5d9b73","hypothesisId":"H2","location":"target.lua:send_pray_require_or_manual","message":"resolved","data":{"target":"scavenger"},"timestamp":1778178654000}
{"sessionId":"5d9b73","hypothesisId":"H1","location":"target.lua:send_pray_require_or_manual","message":"entry","data":{"gift":"hymnoftheinferno","first":"","hasSecond":false},"timestamp":1778178662000}
{"sessionId":"5d9b73","hypothesisId":"H2","location":"target.lua:send_pray_require_or_manual","message":"resolved","data":{"target":"scavenger"},"timestamp":1778178662000}
{"sessionId":"5d9b73","hypothesisId":"H1","location":"target.lua:send_pray_require_or_manual","message":"entry","data":{"gift":"divineword","first":"","hasSecond":false},"timestamp":1778178676000}
{"sessionId":"5d9b73","hypothesisId":"H2","location":"target.lua:send_pray_require_or_manual","message":"resolved","data":{"target":"dartfeather"},"timestamp":1778178676000}
{"sessionId":"5d9b73","hypothesisId":"H1","location":"target.lua:send_pray_require_or_manual","message":"entry","data":{"gift":"blackout","first":"","hasSecond":false},"timestamp":1778178678000}
{"sessionId":"5d9b73","hypothesisId":"H2","location":"target.lua:send_pray_require_or_manual","message":"resolved","data":{"target":"dartfeather"},"timestamp":1778178678000}
{"sessionId":"5d9b73","hypothesisId":"H1","location":"target.lua:send_pray_require_or_manual","message":"entry","data":{"gift":"hymnoftheinferno","first":"","hasSecond":false},"timestamp":1778178679000}
{"sessionId":"5d9b73","hypothesisId":"H2","location":"target.lua:send_pray_require_or_manual","message":"resolved","data":{"target":"dartfeather"},"timestamp":1778178679000}
{"sessionId":"5d9b73","hypothesisId":"H1","location":"target.lua:send_pray_require_or_manual","message":"entry","data":{"gift":"objurgation:malice","first":"","hasSecond":false},"timestamp":1778178682000}
{"sessionId":"5d9b73","hypothesisId":"H2","location":"target.lua:send_pray_require_or_manual","message":"resolved","data":{"target":"dartfeather"},"timestamp":1778178682000}
{"sessionId":"5d9b73","hypothesisId":"H1","location":"target.lua:send_pray_require_or_manual","message":"entry","data":{"gift":"divineword","first":"","hasSecond":false},"timestamp":1778178731000}
{"sessionId":"5d9b73","hypothesisId":"H2","location":"target.lua:send_pray_require_or_manual","message":"resolved","data":{"target":"scavenger"},"timestamp":1778178731000}
{"sessionId":"5d9b73","hypothesisId":"H1","location":"target.lua:send_pray_require_or_manual","message":"entry","data":{"gift":"divineword","first":"","hasSecond":false},"timestamp":1778178884000}
{"sessionId":"5d9b73","hypothesisId":"H2","location":"target.lua:send_pray_require_or_manual","message":"resolved","data":{"target":"dartfeather"},"timestamp":1778178884000}
{"sessionId":"5d9b73","hypothesisId":"H1","location":"target.lua:send_pray_require_or_manual","message":"entry","data":{"gift":"blackout","first":"scavenger","hasSecond":true},"timestamp":1778178890000}
{"sessionId":"5d9b73","hypothesisId":"H2","location":"target.lua:send_pray_require_or_manual","message":"resolved","data":{"target":"scavenger"},"timestamp":1778178890000}
